#
# There is insufficient memory for the Java Runtime Environment to continue.
# Native memory allocation (malloc) failed to allocate 32744 bytes for ChunkPool::allocate
# Possible reasons:
#   The system is out of physical RAM or swap space
#   The process is running with CompressedOops enabled, and the Java Heap may be blocking the growth of the native heap
# Possible solutions:
#   Reduce memory load on the system
#   Increase physical memory or swap space
#   Check if swap backing store is full
#   Decrease Java heap size (-Xmx/-Xms)
#   Decrease number of Java threads
#   Decrease Java thread stack sizes (-Xss)
#   Set larger code cache with -XX:ReservedCodeCacheSize=
#   JVM is running with Unscaled Compressed Oops mode in which the Java heap is
#     placed in the first 4GB address space. The Java Heap base address is the
#     maximum limit for the native heap growth. Please use -XX:HeapBaseMinAddress
#     to set the Java Heap base and to place the Java Heap above 4GB virtual address.
# This output file may be truncated or incomplete.
#
#  Out of Memory Error (arena.cpp:78), pid=23004, tid=7740
#
# JRE version: Java(TM) SE Runtime Environment (17.0.12+8) (build 17.0.12+8-LTS-286)
# Java VM: Java HotSpot(TM) 64-Bit Server VM (17.0.12+8-LTS-286, mixed mode, sharing, tiered, compressed oops, compressed class ptrs, g1 gc, windows-amd64)
# No core dump will be written. Minidumps are not enabled by default on client versions of Windows
#

---------------  S U M M A R Y ------------

Command Line: -Xmx64m -Xms64m -Dorg.gradle.appname=gradlew org.gradle.wrapper.GradleWrapperMain assembleRelease

Host: AMD Ryzen 5 5500U with Radeon Graphics         , 12 cores, 15G,  Windows 11 , 64 bit Build 26100 (10.0.26100.3775)
Time: Fri Apr 11 12:02:10 2025 India Standard Time elapsed time: 7.855513 seconds (0d 0h 0m 7s)

---------------  T H R E A D  ---------------

Current thread (0x00000251ddb1c000):  JavaThread "C2 CompilerThread0" daemon [_thread_in_native, id=7740, stack(0x000000d685c00000,0x000000d685d00000)]


Current CompileTask:
C2:   7855  597       4       java.lang.String::toLowerCase (29 bytes)

Stack: [0x000000d685c00000,0x000000d685d00000]
Native frames: (J=compiled Java code, j=interpreted, Vv=VM code, C=native code)
V  [jvm.dll+0x67a04a]
V  [jvm.dll+0x7da4ed]
V  [jvm.dll+0x7dbe33]
V  [jvm.dll+0x7dc4a3]
V  [jvm.dll+0x24508f]
V  [jvm.dll+0xab9a4]
V  [jvm.dll+0xabd3c]
V  [jvm.dll+0x5633b8]
V  [jvm.dll+0x1ba2eb]
V  [jvm.dll+0x216997]
V  [jvm.dll+0x215c6f]
V  [jvm.dll+0x1a2960]
V  [jvm.dll+0x22610b]
V  [jvm.dll+0x2242ab]
V  [jvm.dll+0x79075c]
V  [jvm.dll+0x78abea]
V  [jvm.dll+0x678f35]
C  [ucrtbase.dll+0x37b0]
C  [KERNEL32.DLL+0x2e8d7]
C  [ntdll.dll+0xb14fc]


---------------  P R O C E S S  ---------------

Threads class SMR info:
_java_thread_list=0x00000251e2223d50, length=12, elements={
0x00000251c3f46130, 0x00000251c4001740, 0x00000251c4002300, 0x00000251ddb17f00,
0x00000251ddb198d0, 0x00000251ddb1a290, 0x00000251ddb1ac50, 0x00000251ddb1c000,
0x00000251ddb24ed0, 0x00000251ddb33960, 0x00000251e206e2a0, 0x00000251e20827b0
}

Java Threads: ( => current thread )
  0x00000251c3f46130 JavaThread "main" [_thread_in_Java, id=23608, stack(0x000000d684f00000,0x000000d685000000)]
  0x00000251c4001740 JavaThread "Reference Handler" daemon [_thread_blocked, id=20672, stack(0x000000d685600000,0x000000d685700000)]
  0x00000251c4002300 JavaThread "Finalizer" daemon [_thread_blocked, id=228, stack(0x000000d685700000,0x000000d685800000)]
  0x00000251ddb17f00 JavaThread "Signal Dispatcher" daemon [_thread_blocked, id=3364, stack(0x000000d685800000,0x000000d685900000)]
  0x00000251ddb198d0 JavaThread "Attach Listener" daemon [_thread_blocked, id=25160, stack(0x000000d685900000,0x000000d685a00000)]
  0x00000251ddb1a290 JavaThread "Service Thread" daemon [_thread_blocked, id=25392, stack(0x000000d685a00000,0x000000d685b00000)]
  0x00000251ddb1ac50 JavaThread "Monitor Deflation Thread" daemon [_thread_blocked, id=16368, stack(0x000000d685b00000,0x000000d685c00000)]
=>0x00000251ddb1c000 JavaThread "C2 CompilerThread0" daemon [_thread_in_native, id=7740, stack(0x000000d685c00000,0x000000d685d00000)]
  0x00000251ddb24ed0 JavaThread "C1 CompilerThread0" daemon [_thread_in_vm, id=11140, stack(0x000000d685d00000,0x000000d685e00000)]
  0x00000251ddb33960 JavaThread "Sweeper thread" daemon [_thread_blocked, id=2292, stack(0x000000d685e00000,0x000000d685f00000)]
  0x00000251e206e2a0 JavaThread "Notification Thread" daemon [_thread_blocked, id=24024, stack(0x000000d685f00000,0x000000d686000000)]
  0x00000251e20827b0 JavaThread "Common-Cleaner" daemon [_thread_blocked, id=18220, stack(0x000000d686100000,0x000000d686200000)]

Other Threads:
  0x00000251c3ff2870 VMThread "VM Thread" [stack: 0x000000d685500000,0x000000d685600000] [id=15716]
  0x00000251c3f74fa0 WatcherThread [stack: 0x000000d686000000,0x000000d686100000] [id=22208]
  0x00000251c3f63e10 GCTaskThread "GC Thread#0" [stack: 0x000000d685000000,0x000000d685100000] [id=17220]
  0x00000251c3f65560 ConcurrentGCThread "G1 Main Marker" [stack: 0x000000d685100000,0x000000d685200000] [id=4296]
  0x00000251c3f67c50 ConcurrentGCThread "G1 Conc#0" [stack: 0x000000d685200000,0x000000d685300000] [id=23692]
  0x00000251c3fd87a0 ConcurrentGCThread "G1 Refine#0" [stack: 0x000000d685300000,0x000000d685400000] [id=13304]
  0x00000251c3fda080 ConcurrentGCThread "G1 Service" [stack: 0x000000d685400000,0x000000d685500000] [id=22000]

Threads with active compile tasks:
C2 CompilerThread0     7886  597       4       java.lang.String::toLowerCase (29 bytes)
C1 CompilerThread0     7886  621       3       java.util.LinkedList::add (7 bytes)

VM state: not at safepoint (normal execution)

VM Mutex/Monitor currently owned by a thread: None

Heap address: 0x00000000fc000000, size: 64 MB, Compressed Oops mode: 32-bit

CDS archive(s) mapped at: [0x0000025180000000-0x0000025180bd0000-0x0000025180bd0000), size 12386304, SharedBaseAddress: 0x0000025180000000, ArchiveRelocationMode: 1.
Compressed class space mapped at: 0x0000025181000000-0x00000251c1000000, reserved size: 1073741824
Narrow klass base: 0x0000025180000000, Narrow klass shift: 0, Narrow klass range: 0x100000000

GC Precious Log:
 CPUs: 12 total, 12 available
 Memory: 15706M
 Large Page Support: Disabled
 NUMA Support: Disabled
 Compressed Oops: Enabled (32-bit)
 Heap Region Size: 1M
 Heap Min Capacity: 64M
 Heap Initial Capacity: 64M
 Heap Max Capacity: 64M
 Pre-touch: Disabled
 Parallel Workers: 10
 Concurrent Workers: 3
 Concurrent Refinement Workers: 10
 Periodic GC: Disabled

Heap:
 garbage-first heap   total 65536K, used 20480K [0x00000000fc000000, 0x0000000100000000)
  region size 1024K, 22 young (22528K), 0 survivors (0K)
 Metaspace       used 1795K, committed 1920K, reserved 1114112K
  class space    used 159K, committed 192K, reserved 1048576K

Heap Regions: E=young(eden), S=young(survivor), O=old, HS=humongous(starts), HC=humongous(continues), CS=collection set, F=free, OA=open archive, CA=closed archive, TAMS=top-at-mark-start (previous, next)
|   0|0x00000000fc000000, 0x00000000fc000000, 0x00000000fc100000|  0%| F|  |TAMS 0x00000000fc000000, 0x00000000fc000000| Untracked 
|   1|0x00000000fc100000, 0x00000000fc100000, 0x00000000fc200000|  0%| F|  |TAMS 0x00000000fc100000, 0x00000000fc100000| Untracked 
|   2|0x00000000fc200000, 0x00000000fc200000, 0x00000000fc300000|  0%| F|  |TAMS 0x00000000fc200000, 0x00000000fc200000| Untracked 
|   3|0x00000000fc300000, 0x00000000fc300000, 0x00000000fc400000|  0%| F|  |TAMS 0x00000000fc300000, 0x00000000fc300000| Untracked 
|   4|0x00000000fc400000, 0x00000000fc400000, 0x00000000fc500000|  0%| F|  |TAMS 0x00000000fc400000, 0x00000000fc400000| Untracked 
|   5|0x00000000fc500000, 0x00000000fc500000, 0x00000000fc600000|  0%| F|  |TAMS 0x00000000fc500000, 0x00000000fc500000| Untracked 
|   6|0x00000000fc600000, 0x00000000fc600000, 0x00000000fc700000|  0%| F|  |TAMS 0x00000000fc600000, 0x00000000fc600000| Untracked 
|   7|0x00000000fc700000, 0x00000000fc700000, 0x00000000fc800000|  0%| F|  |TAMS 0x00000000fc700000, 0x00000000fc700000| Untracked 
|   8|0x00000000fc800000, 0x00000000fc800000, 0x00000000fc900000|  0%| F|  |TAMS 0x00000000fc800000, 0x00000000fc800000| Untracked 
|   9|0x00000000fc900000, 0x00000000fc900000, 0x00000000fca00000|  0%| F|  |TAMS 0x00000000fc900000, 0x00000000fc900000| Untracked 
|  10|0x00000000fca00000, 0x00000000fca00000, 0x00000000fcb00000|  0%| F|  |TAMS 0x00000000fca00000, 0x00000000fca00000| Untracked 
|  11|0x00000000fcb00000, 0x00000000fcb00000, 0x00000000fcc00000|  0%| F|  |TAMS 0x00000000fcb00000, 0x00000000fcb00000| Untracked 
|  12|0x00000000fcc00000, 0x00000000fcc00000, 0x00000000fcd00000|  0%| F|  |TAMS 0x00000000fcc00000, 0x00000000fcc00000| Untracked 
|  13|0x00000000fcd00000, 0x00000000fcd00000, 0x00000000fce00000|  0%| F|  |TAMS 0x00000000fcd00000, 0x00000000fcd00000| Untracked 
|  14|0x00000000fce00000, 0x00000000fce00000, 0x00000000fcf00000|  0%| F|  |TAMS 0x00000000fce00000, 0x00000000fce00000| Untracked 
|  15|0x00000000fcf00000, 0x00000000fcf00000, 0x00000000fd000000|  0%| F|  |TAMS 0x00000000fcf00000, 0x00000000fcf00000| Untracked 
|  16|0x00000000fd000000, 0x00000000fd000000, 0x00000000fd100000|  0%| F|  |TAMS 0x00000000fd000000, 0x00000000fd000000| Untracked 
|  17|0x00000000fd100000, 0x00000000fd100000, 0x00000000fd200000|  0%| F|  |TAMS 0x00000000fd100000, 0x00000000fd100000| Untracked 
|  18|0x00000000fd200000, 0x00000000fd200000, 0x00000000fd300000|  0%| F|  |TAMS 0x00000000fd200000, 0x00000000fd200000| Untracked 
|  19|0x00000000fd300000, 0x00000000fd300000, 0x00000000fd400000|  0%| F|  |TAMS 0x00000000fd300000, 0x00000000fd300000| Untracked 
|  20|0x00000000fd400000, 0x00000000fd400000, 0x00000000fd500000|  0%| F|  |TAMS 0x00000000fd400000, 0x00000000fd400000| Untracked 
|  21|0x00000000fd500000, 0x00000000fd500000, 0x00000000fd600000|  0%| F|  |TAMS 0x00000000fd500000, 0x00000000fd500000| Untracked 
|  22|0x00000000fd600000, 0x00000000fd600000, 0x00000000fd700000|  0%| F|  |TAMS 0x00000000fd600000, 0x00000000fd600000| Untracked 
|  23|0x00000000fd700000, 0x00000000fd700000, 0x00000000fd800000|  0%| F|  |TAMS 0x00000000fd700000, 0x00000000fd700000| Untracked 
|  24|0x00000000fd800000, 0x00000000fd800000, 0x00000000fd900000|  0%| F|  |TAMS 0x00000000fd800000, 0x00000000fd800000| Untracked 
|  25|0x00000000fd900000, 0x00000000fd900000, 0x00000000fda00000|  0%| F|  |TAMS 0x00000000fd900000, 0x00000000fd900000| Untracked 
|  26|0x00000000fda00000, 0x00000000fda00000, 0x00000000fdb00000|  0%| F|  |TAMS 0x00000000fda00000, 0x00000000fda00000| Untracked 
|  27|0x00000000fdb00000, 0x00000000fdb00000, 0x00000000fdc00000|  0%| F|  |TAMS 0x00000000fdb00000, 0x00000000fdb00000| Untracked 
|  28|0x00000000fdc00000, 0x00000000fdc00000, 0x00000000fdd00000|  0%| F|  |TAMS 0x00000000fdc00000, 0x00000000fdc00000| Untracked 
|  29|0x00000000fdd00000, 0x00000000fdd00000, 0x00000000fde00000|  0%| F|  |TAMS 0x00000000fdd00000, 0x00000000fdd00000| Untracked 
|  30|0x00000000fde00000, 0x00000000fde00000, 0x00000000fdf00000|  0%| F|  |TAMS 0x00000000fde00000, 0x00000000fde00000| Untracked 
|  31|0x00000000fdf00000, 0x00000000fdf00000, 0x00000000fe000000|  0%| F|  |TAMS 0x00000000fdf00000, 0x00000000fdf00000| Untracked 
|  32|0x00000000fe000000, 0x00000000fe000000, 0x00000000fe100000|  0%| F|  |TAMS 0x00000000fe000000, 0x00000000fe000000| Untracked 
|  33|0x00000000fe100000, 0x00000000fe100000, 0x00000000fe200000|  0%| F|  |TAMS 0x00000000fe100000, 0x00000000fe100000| Untracked 
|  34|0x00000000fe200000, 0x00000000fe200000, 0x00000000fe300000|  0%| F|  |TAMS 0x00000000fe200000, 0x00000000fe200000| Untracked 
|  35|0x00000000fe300000, 0x00000000fe300000, 0x00000000fe400000|  0%| F|  |TAMS 0x00000000fe300000, 0x00000000fe300000| Untracked 
|  36|0x00000000fe400000, 0x00000000fe400000, 0x00000000fe500000|  0%| F|  |TAMS 0x00000000fe400000, 0x00000000fe400000| Untracked 
|  37|0x00000000fe500000, 0x00000000fe500000, 0x00000000fe600000|  0%| F|  |TAMS 0x00000000fe500000, 0x00000000fe500000| Untracked 
|  38|0x00000000fe600000, 0x00000000fe600000, 0x00000000fe700000|  0%| F|  |TAMS 0x00000000fe600000, 0x00000000fe600000| Untracked 
|  39|0x00000000fe700000, 0x00000000fe700000, 0x00000000fe800000|  0%| F|  |TAMS 0x00000000fe700000, 0x00000000fe700000| Untracked 
|  40|0x00000000fe800000, 0x00000000fe800000, 0x00000000fe900000|  0%| F|  |TAMS 0x00000000fe800000, 0x00000000fe800000| Untracked 
|  41|0x00000000fe900000, 0x00000000fe900000, 0x00000000fea00000|  0%| F|  |TAMS 0x00000000fe900000, 0x00000000fe900000| Untracked 
|  42|0x00000000fea00000, 0x00000000feaefdc8, 0x00000000feb00000| 93%| E|  |TAMS 0x00000000fea00000, 0x00000000fea00000| Complete 
|  43|0x00000000feb00000, 0x00000000fec00000, 0x00000000fec00000|100%| E|  |TAMS 0x00000000feb00000, 0x00000000feb00000| Complete 
|  44|0x00000000fec00000, 0x00000000fed00000, 0x00000000fed00000|100%| E|CS|TAMS 0x00000000fec00000, 0x00000000fec00000| Complete 
|  45|0x00000000fed00000, 0x00000000fee00000, 0x00000000fee00000|100%| E|CS|TAMS 0x00000000fed00000, 0x00000000fed00000| Complete 
|  46|0x00000000fee00000, 0x00000000fef00000, 0x00000000fef00000|100%| E|CS|TAMS 0x00000000fee00000, 0x00000000fee00000| Complete 
|  47|0x00000000fef00000, 0x00000000ff000000, 0x00000000ff000000|100%| E|CS|TAMS 0x00000000fef00000, 0x00000000fef00000| Complete 
|  48|0x00000000ff000000, 0x00000000ff100000, 0x00000000ff100000|100%| E|CS|TAMS 0x00000000ff000000, 0x00000000ff000000| Complete 
|  49|0x00000000ff100000, 0x00000000ff200000, 0x00000000ff200000|100%| E|CS|TAMS 0x00000000ff100000, 0x00000000ff100000| Complete 
|  50|0x00000000ff200000, 0x00000000ff300000, 0x00000000ff300000|100%| E|CS|TAMS 0x00000000ff200000, 0x00000000ff200000| Complete 
|  51|0x00000000ff300000, 0x00000000ff400000, 0x00000000ff400000|100%| E|CS|TAMS 0x00000000ff300000, 0x00000000ff300000| Complete 
|  52|0x00000000ff400000, 0x00000000ff500000, 0x00000000ff500000|100%| E|CS|TAMS 0x00000000ff400000, 0x00000000ff400000| Complete 
|  53|0x00000000ff500000, 0x00000000ff600000, 0x00000000ff600000|100%| E|CS|TAMS 0x00000000ff500000, 0x00000000ff500000| Complete 
|  54|0x00000000ff600000, 0x00000000ff700000, 0x00000000ff700000|100%| E|CS|TAMS 0x00000000ff600000, 0x00000000ff600000| Complete 
|  55|0x00000000ff700000, 0x00000000ff800000, 0x00000000ff800000|100%| E|CS|TAMS 0x00000000ff700000, 0x00000000ff700000| Complete 
|  56|0x00000000ff800000, 0x00000000ff900000, 0x00000000ff900000|100%| E|CS|TAMS 0x00000000ff800000, 0x00000000ff800000| Complete 
|  57|0x00000000ff900000, 0x00000000ffa00000, 0x00000000ffa00000|100%| E|CS|TAMS 0x00000000ff900000, 0x00000000ff900000| Complete 
|  58|0x00000000ffa00000, 0x00000000ffb00000, 0x00000000ffb00000|100%| E|CS|TAMS 0x00000000ffa00000, 0x00000000ffa00000| Complete 
|  59|0x00000000ffb00000, 0x00000000ffc00000, 0x00000000ffc00000|100%| E|CS|TAMS 0x00000000ffb00000, 0x00000000ffb00000| Complete 
|  60|0x00000000ffc00000, 0x00000000ffd00000, 0x00000000ffd00000|100%| E|CS|TAMS 0x00000000ffc00000, 0x00000000ffc00000| Complete 
|  61|0x00000000ffd00000, 0x00000000ffe00000, 0x00000000ffe00000|100%| E|CS|TAMS 0x00000000ffd00000, 0x00000000ffd00000| Complete 
|  62|0x00000000ffe00000, 0x00000000fff00000, 0x00000000fff00000|100%| E|CS|TAMS 0x00000000ffe00000, 0x00000000ffe00000| Complete 
|  63|0x00000000fff00000, 0x0000000100000000, 0x0000000100000000|100%| E|CS|TAMS 0x00000000fff00000, 0x00000000fff00000| Complete 

Card table byte_map: [0x00000251c1eb0000,0x00000251c1ed0000] _byte_map_base: 0x00000251c16d0000

Marking Bits (Prev, Next): (CMBitMap*) 0x00000251c3f64430, (CMBitMap*) 0x00000251c3f64470
 Prev Bits: [0x00000251dad50000, 0x00000251dae50000)
 Next Bits: [0x00000251dae50000, 0x00000251daf50000)

Polling page: 0x00000251c1e40000

Metaspace:

Usage:
  Non-class:      1.60 MB used.
      Class:    159.16 KB used.
       Both:      1.75 MB used.

Virtual space:
  Non-class space:       64.00 MB reserved,       1.69 MB (  3%) committed,  1 nodes.
      Class space:        1.00 GB reserved,     192.00 KB ( <1%) committed,  1 nodes.
             Both:        1.06 GB reserved,       1.88 MB ( <1%) committed. 

Chunk freelists:
   Non-Class:  11.71 MB
       Class:  15.69 MB
        Both:  27.41 MB

MaxMetaspaceSize: unlimited
CompressedClassSpaceSize: 1.00 GB
Initial GC threshold: 21.00 MB
Current GC threshold: 21.00 MB
CDS: on
MetaspaceReclaimPolicy: balanced
 - commit_granule_bytes: 65536.
 - commit_granule_words: 8192.
 - virtual_space_node_default_size: 8388608.
 - enlarge_chunks_in_place: 1.
 - new_chunks_are_fully_committed: 0.
 - uncommit_free_chunks: 1.
 - use_allocation_guard: 0.
 - handle_deallocations: 1.


Internal statistics:

num_allocs_failed_limit: 0.
num_arena_births: 14.
num_arena_deaths: 0.
num_vsnodes_births: 2.
num_vsnodes_deaths: 0.
num_space_committed: 30.
num_space_uncommitted: 0.
num_chunks_returned_to_freelist: 0.
num_chunks_taken_from_freelist: 42.
num_chunk_merges: 0.
num_chunk_splits: 22.
num_chunks_enlarged: 14.
num_inconsistent_stats: 0.

CodeHeap 'non-profiled nmethods': size=120000Kb used=240Kb max_used=240Kb free=119759Kb
 bounds [0x00000251d32d0000, 0x00000251d3540000, 0x00000251da800000]
CodeHeap 'profiled nmethods': size=120000Kb used=1055Kb max_used=1055Kb free=118944Kb
 bounds [0x00000251cb800000, 0x00000251cba70000, 0x00000251d2d30000]
CodeHeap 'non-nmethods': size=5760Kb used=1121Kb max_used=1149Kb free=4638Kb
 bounds [0x00000251d2d30000, 0x00000251d2fa0000, 0x00000251d32d0000]
 total_blobs=1022 nmethods=620 adapters=315
 compilation: enabled
              stopped_count=0, restarted_count=0
 full_count=0

Compilation events (20 events):
Event: 5.814 Thread 0x00000251ddb24ed0  592       1       java.net.URLStreamHandler::getDefaultPort (2 bytes)
Event: 5.814 Thread 0x00000251ddb24ed0 nmethod 592 0x00000251d330b390 code [0x00000251d330b520, 0x00000251d330b5f8]
Event: 5.823 Thread 0x00000251ddb24ed0  593       3       java.io.WinNTFileSystem::normalize (224 bytes)
Event: 5.825 Thread 0x00000251ddb24ed0 nmethod 593 0x00000251cb8f5910 code [0x00000251cb8f5d00, 0x00000251cb8f7878]
Event: 5.825 Thread 0x00000251ddb24ed0  595       3       sun.nio.fs.NativeBuffers::getNativeBufferFromCache (51 bytes)
Event: 5.826 Thread 0x00000251ddb24ed0 nmethod 595 0x00000251cb8f8290 code [0x00000251cb8f8480, 0x00000251cb8f8ac8]
Event: 5.826 Thread 0x00000251ddb24ed0  596       3       jdk.internal.misc.Unsafe::getLong (7 bytes)
Event: 5.826 Thread 0x00000251ddb24ed0 nmethod 596 0x00000251cb8f8c90 code [0x00000251cb8f8e20, 0x00000251cb8f8f38]
Event: 5.826 Thread 0x00000251ddb24ed0  594       1       sun.nio.fs.WindowsFileSystem::provider (5 bytes)
Event: 5.826 Thread 0x00000251ddb24ed0 nmethod 594 0x00000251d330b690 code [0x00000251d330b820, 0x00000251d330b8f8]
Event: 5.827 Thread 0x00000251ddb1c000  597       4       java.lang.String::toLowerCase (29 bytes)
Event: 5.827 Thread 0x00000251ddb24ed0  598   !   3       jdk.internal.loader.URLClassPath$JarLoader::ensureOpen (36 bytes)
Event: 5.828 Thread 0x00000251ddb24ed0 nmethod 598 0x00000251cb8f9010 code [0x00000251cb8f91e0, 0x00000251cb8f9618]
Event: 5.828 Thread 0x00000251ddb24ed0  599       1       sun.nio.fs.NativeBuffer::owner (5 bytes)
Event: 5.828 Thread 0x00000251ddb24ed0 nmethod 599 0x00000251d330b990 code [0x00000251d330bb20, 0x00000251d330bbf8]
Event: 5.831 Thread 0x00000251ddb24ed0  600       3       java.util.ArrayDeque::poll (5 bytes)
Event: 5.831 Thread 0x00000251ddb24ed0 nmethod 600 0x00000251cb8f9790 code [0x00000251cb8f9940, 0x00000251cb8f9a88]
Event: 5.833 Thread 0x00000251ddb24ed0  601       3       java.util.Arrays::fill (21 bytes)
Event: 5.834 Thread 0x00000251ddb24ed0 nmethod 601 0x00000251cb8f9b10 code [0x00000251cb8f9ca0, 0x00000251cb8f9e38]
Event: 5.834 Thread 0x00000251ddb24ed0  602       3       java.util.zip.ZipFile$Source::initCEN (591 bytes)

GC Heap History (0 events):
No events

Deoptimization events (20 events):
Event: 4.727 Thread 0x00000251c3f46130 Uncommon trap: trap_request=0xffffff45 fr.pc=0x00000251d32f990c relative=0x00000000000001ec
Event: 4.727 Thread 0x00000251c3f46130 Uncommon trap: reason=unstable_if action=reinterpret pc=0x00000251d32f990c method=java.io.WinNTFileSystem.normalize(Ljava/lang/String;)Ljava/lang/String; @ 104 c2
Event: 4.727 Thread 0x00000251c3f46130 DEOPT PACKING pc=0x00000251d32f990c sp=0x000000d684ffd990
Event: 4.727 Thread 0x00000251c3f46130 DEOPT UNPACKING pc=0x00000251d2d823a3 sp=0x000000d684ffd918 mode 2
Event: 4.729 Thread 0x00000251c3f46130 Uncommon trap: trap_request=0xffffff45 fr.pc=0x00000251d32ef308 relative=0x00000000000005c8
Event: 4.729 Thread 0x00000251c3f46130 Uncommon trap: reason=unstable_if action=reinterpret pc=0x00000251d32ef308 method=java.util.zip.ZipFile$Source.checkAndAddEntry(II)I @ 50 c2
Event: 4.729 Thread 0x00000251c3f46130 DEOPT PACKING pc=0x00000251d32ef308 sp=0x000000d684ffd640
Event: 4.729 Thread 0x00000251c3f46130 DEOPT UNPACKING pc=0x00000251d2d823a3 sp=0x000000d684ffd5b0 mode 2
Event: 4.769 Thread 0x00000251c3f46130 Uncommon trap: trap_request=0xffffff45 fr.pc=0x00000251d32fd21c relative=0x00000000000005bc
Event: 4.769 Thread 0x00000251c3f46130 Uncommon trap: reason=unstable_if action=reinterpret pc=0x00000251d32fd21c method=java.util.HashMap.putVal(ILjava/lang/Object;Ljava/lang/Object;ZZ)Ljava/lang/Object; @ 193 c2
Event: 4.769 Thread 0x00000251c3f46130 DEOPT PACKING pc=0x00000251d32fd21c sp=0x000000d684ffc6d0
Event: 4.769 Thread 0x00000251c3f46130 DEOPT UNPACKING pc=0x00000251d2d823a3 sp=0x000000d684ffc5f8 mode 2
Event: 4.773 Thread 0x00000251c3f46130 Uncommon trap: trap_request=0xffffffde fr.pc=0x00000251d32ffa0c relative=0x000000000000070c
Event: 4.773 Thread 0x00000251c3f46130 Uncommon trap: reason=class_check action=maybe_recompile pc=0x00000251d32ffa0c method=java.util.HashMap.putVal(ILjava/lang/Object;Ljava/lang/Object;ZZ)Ljava/lang/Object; @ 91 c2
Event: 4.773 Thread 0x00000251c3f46130 DEOPT PACKING pc=0x00000251d32ffa0c sp=0x000000d684ffc640
Event: 4.773 Thread 0x00000251c3f46130 DEOPT UNPACKING pc=0x00000251d2d823a3 sp=0x000000d684ffc600 mode 2
Event: 5.832 Thread 0x00000251c3f46130 Uncommon trap: trap_request=0xffffffde fr.pc=0x00000251d32ffa98 relative=0x0000000000000798
Event: 5.832 Thread 0x00000251c3f46130 Uncommon trap: reason=class_check action=maybe_recompile pc=0x00000251d32ffa98 method=java.util.HashMap.putVal(ILjava/lang/Object;Ljava/lang/Object;ZZ)Ljava/lang/Object; @ 203 c2
Event: 5.832 Thread 0x00000251c3f46130 DEOPT PACKING pc=0x00000251d32ffa98 sp=0x000000d684ffc640
Event: 5.832 Thread 0x00000251c3f46130 DEOPT UNPACKING pc=0x00000251d2d823a3 sp=0x000000d684ffc600 mode 2

Classes unloaded (0 events):
No events

Classes redefined (0 events):
No events

Internal exceptions (1 events):
Event: 1.255 Thread 0x00000251c3f46130 Exception <a 'java/lang/NoSuchMethodError'{0x00000000ffdea348}: 'int java.lang.invoke.DirectMethodHandle$Holder.invokeStaticInit(java.lang.Object, java.lang.Object)'> (0x00000000ffdea348) 
thrown [s\open\src\hotspot\share\interpreter\linkResolver.cpp, line 759]

VM Operations (10 events):
Event: 0.096 Executing VM operation: HandshakeAllThreads
Event: 0.096 Executing VM operation: HandshakeAllThreads done
Event: 1.097 Executing VM operation: Cleanup
Event: 1.254 Executing VM operation: Cleanup done
Event: 3.278 Executing VM operation: Cleanup
Event: 3.575 Executing VM operation: Cleanup done
Event: 4.583 Executing VM operation: Cleanup
Event: 4.583 Executing VM operation: Cleanup done
Event: 5.595 Executing VM operation: Cleanup
Event: 5.595 Executing VM operation: Cleanup done

Events (20 events):
Event: 0.217 loading class java/io/FilePermissionCollection$1 done
Event: 2.265 loading class java/net/MalformedURLException
Event: 2.265 loading class java/net/MalformedURLException done
Event: 2.268 loading class java/io/FileFilter
Event: 2.268 loading class java/io/FileFilter done
Event: 2.310 loading class java/util/AbstractList$Itr
Event: 2.310 loading class java/util/AbstractList$Itr done
Event: 2.336 loading class java/lang/invoke/DirectMethodHandle$Special
Event: 2.336 loading class java/lang/invoke/DirectMethodHandle$Special done
Event: 4.684 Thread 0x00000251e21f9070 Thread added: 0x00000251e21f9070
Event: 4.692 Thread 0x00000251e21f3820 Thread added: 0x00000251e21f3820
Event: 4.692 Loaded shared library C:\Program Files\Java\jdk-17\bin\jimage.dll
Event: 4.731 loading class java/io/BufferedReader
Event: 4.731 loading class java/io/BufferedReader done
Event: 4.732 loading class sun/nio/cs/StreamDecoder
Event: 4.732 loading class sun/nio/cs/StreamDecoder done
Event: 4.733 loading class sun/nio/cs/UTF_8$Decoder
Event: 4.733 loading class sun/nio/cs/UTF_8$Decoder done
Event: 5.813 Thread 0x00000251e21f3820 Thread exited: 0x00000251e21f3820
Event: 5.813 Thread 0x00000251e21f9070 Thread exited: 0x00000251e21f9070


Dynamic libraries:
0x00007ff645670000 - 0x00007ff645680000 	C:\Program Files\Java\jdk-17\bin\java.exe
0x00007ffa81a20000 - 0x00007ffa81c80000 	C:\WINDOWS\SYSTEM32\ntdll.dll
0x00007ffa803f0000 - 0x00007ffa804b7000 	C:\WINDOWS\System32\KERNEL32.DLL
0x00007ffa7ed40000 - 0x00007ffa7f10a000 	C:\WINDOWS\System32\KERNELBASE.dll
0x00007ffa7f4c0000 - 0x00007ffa7f60b000 	C:\WINDOWS\System32\ucrtbase.dll
0x00007ffa752f0000 - 0x00007ffa7530b000 	C:\Program Files\Java\jdk-17\bin\VCRUNTIME140.dll
0x00007ffa6a3e0000 - 0x00007ffa6a3f9000 	C:\Program Files\Java\jdk-17\bin\jli.dll
0x00007ffa80210000 - 0x00007ffa802c2000 	C:\WINDOWS\System32\ADVAPI32.dll
0x00007ffa80e70000 - 0x00007ffa80f19000 	C:\WINDOWS\System32\msvcrt.dll
0x00007ffa7f820000 - 0x00007ffa7f8c6000 	C:\WINDOWS\System32\sechost.dll
0x00007ffa818c0000 - 0x00007ffa819d6000 	C:\WINDOWS\System32\RPCRT4.dll
0x00007ffa7f8d0000 - 0x00007ffa7fa9c000 	C:\WINDOWS\System32\USER32.dll
0x00007ffa61150000 - 0x00007ffa613e7000 	C:\WINDOWS\WinSxS\amd64_microsoft.windows.common-controls_6595b64144ccf1df_6.0.26100.3624_none_3e086962e3345f24\COMCTL32.dll
0x00007ffa7f280000 - 0x00007ffa7f2a7000 	C:\WINDOWS\System32\win32u.dll
0x00007ffa80e40000 - 0x00007ffa80e6a000 	C:\WINDOWS\System32\GDI32.dll
0x00007ffa7ec00000 - 0x00007ffa7ed31000 	C:\WINDOWS\System32\gdi32full.dll
0x00007ffa7f370000 - 0x00007ffa7f413000 	C:\WINDOWS\System32\msvcp_win.dll
0x00007ffa76300000 - 0x00007ffa7630b000 	C:\WINDOWS\SYSTEM32\VERSION.dll
0x00007ffa802d0000 - 0x00007ffa802ff000 	C:\WINDOWS\System32\IMM32.DLL
0x00007ffa7a030000 - 0x00007ffa7a03c000 	C:\Program Files\Java\jdk-17\bin\vcruntime140_1.dll
0x00007ffa58b00000 - 0x00007ffa58b8e000 	C:\Program Files\Java\jdk-17\bin\msvcp140.dll
0x00007ff9f2e90000 - 0x00007ff9f3a70000 	C:\Program Files\Java\jdk-17\bin\server\jvm.dll
0x00007ffa7fb50000 - 0x00007ffa7fb58000 	C:\WINDOWS\System32\PSAPI.DLL
0x00007ffa5b490000 - 0x00007ffa5b49a000 	C:\WINDOWS\SYSTEM32\WSOCK32.dll
0x00007ffa70d10000 - 0x00007ffa70d46000 	C:\WINDOWS\SYSTEM32\WINMM.dll
0x00007ffa817d0000 - 0x00007ffa81844000 	C:\WINDOWS\System32\WS2_32.dll
0x00007ffa7da10000 - 0x00007ffa7da2a000 	C:\WINDOWS\SYSTEM32\kernel.appcore.dll
0x00007ffa78880000 - 0x00007ffa7888a000 	C:\Program Files\Java\jdk-17\bin\jimage.dll
0x00007ffa755a0000 - 0x00007ffa757e1000 	C:\WINDOWS\SYSTEM32\DBGHELP.DLL
0x00007ffa80fb0000 - 0x00007ffa81332000 	C:\WINDOWS\System32\combase.dll
0x00007ffa7ff10000 - 0x00007ffa7ffe6000 	C:\WINDOWS\System32\OLEAUT32.dll
0x00007ffa6b5c0000 - 0x00007ffa6b5f9000 	C:\WINDOWS\SYSTEM32\dbgcore.DLL
0x00007ffa7f420000 - 0x00007ffa7f4b9000 	C:\WINDOWS\System32\bcryptPrimitives.dll
0x00007ffa68d40000 - 0x00007ffa68d65000 	C:\Program Files\Java\jdk-17\bin\java.dll
0x00007ffa382e0000 - 0x00007ffa383b7000 	C:\Program Files\Java\jdk-17\bin\jsvml.dll
0x00007ffa804c0000 - 0x00007ffa80be9000 	C:\WINDOWS\System32\SHELL32.dll
0x00007ffa7f110000 - 0x00007ffa7f278000 	C:\WINDOWS\System32\wintypes.dll
0x00007ffa7c860000 - 0x00007ffa7d0b2000 	C:\WINDOWS\SYSTEM32\windows.storage.dll
0x00007ffa80d50000 - 0x00007ffa80e3d000 	C:\WINDOWS\System32\SHCORE.dll
0x00007ffa81850000 - 0x00007ffa818b4000 	C:\WINDOWS\System32\shlwapi.dll
0x00007ffa7eb10000 - 0x00007ffa7eb3f000 	C:\WINDOWS\SYSTEM32\profapi.dll
0x00007ffa64bf0000 - 0x00007ffa64c09000 	C:\Program Files\Java\jdk-17\bin\net.dll
0x00007ffa77ca0000 - 0x00007ffa77dbd000 	C:\WINDOWS\SYSTEM32\WINHTTP.dll
0x00007ffa7df30000 - 0x00007ffa7df9a000 	C:\WINDOWS\system32\mswsock.dll
0x00007ffa63290000 - 0x00007ffa632a6000 	C:\Program Files\Java\jdk-17\bin\nio.dll
0x00007ffa61e40000 - 0x00007ffa61e58000 	C:\Program Files\Java\jdk-17\bin\zip.dll
0x00007ffa78860000 - 0x00007ffa78870000 	C:\Program Files\Java\jdk-17\bin\verify.dll

dbghelp: loaded successfully - version: 4.0.5 - missing functions: none
symbol engine: initialized successfully - sym options: 0x614 - pdb path: .;C:\Program Files\Java\jdk-17\bin;C:\WINDOWS\SYSTEM32;C:\WINDOWS\WinSxS\amd64_microsoft.windows.common-controls_6595b64144ccf1df_6.0.26100.3624_none_3e086962e3345f24;C:\Program Files\Java\jdk-17\bin\server

VM Arguments:
jvm_args: -Xmx64m -Xms64m -Dorg.gradle.appname=gradlew 
java_command: org.gradle.wrapper.GradleWrapperMain assembleRelease
java_class_path (initial): D:/projects/myXborder-native/myXBorder/android/gradle/wrapper/gradle-wrapper.jar
Launcher Type: SUN_STANDARD

[Global flags]
     intx CICompilerCount                          = 4                                         {product} {ergonomic}
     uint ConcGCThreads                            = 3                                         {product} {ergonomic}
     uint G1ConcRefinementThreads                  = 10                                        {product} {ergonomic}
   size_t G1HeapRegionSize                         = 1048576                                   {product} {ergonomic}
    uintx GCDrainStackTargetSize                   = 64                                        {product} {ergonomic}
   size_t InitialHeapSize                          = 67108864                                  {product} {command line}
   size_t MarkStackSize                            = 4194304                                   {product} {ergonomic}
   size_t MaxHeapSize                              = 67108864                                  {product} {command line}
   size_t MaxNewSize                               = 39845888                                  {product} {ergonomic}
   size_t MinHeapDeltaBytes                        = 1048576                                   {product} {ergonomic}
   size_t MinHeapSize                              = 67108864                                  {product} {command line}
    uintx NonNMethodCodeHeapSize                   = 5839372                                {pd product} {ergonomic}
    uintx NonProfiledCodeHeapSize                  = 122909434                              {pd product} {ergonomic}
    uintx ProfiledCodeHeapSize                     = 122909434                              {pd product} {ergonomic}
    uintx ReservedCodeCacheSize                    = 251658240                              {pd product} {ergonomic}
     bool SegmentedCodeCache                       = true                                      {product} {ergonomic}
   size_t SoftMaxHeapSize                          = 67108864                               {manageable} {ergonomic}
     bool UseCompressedClassPointers               = true                           {product lp64_product} {ergonomic}
     bool UseCompressedOops                        = true                           {product lp64_product} {ergonomic}
     bool UseG1GC                                  = true                                      {product} {ergonomic}
     bool UseLargePagesIndividualAllocation        = false                                  {pd product} {ergonomic}

Logging:
Log output configuration:
 #0: stdout all=warning uptime,level,tags
 #1: stderr all=off uptime,level,tags

Environment Variables:
JAVA_HOME=C:/Program Files/Java/jdk-17
PATH=C:\Users\inclu\bin;C:\Program Files\Git\mingw64\bin;C:\Program Files\Git\usr\local\bin;C:\Program Files\Git\usr\bin;C:\Program Files\Git\usr\bin;C:\Program Files\Git\mingw64\bin;C:\Program Files\Git\usr\bin;C:\Users\inclu\bin;C:\Program Files\Eclipse Adoptium\jdk-17.0.13.11-hotspot\bin;C:\Program Files\Eclipse Adoptium\jdk-21.0.5.11-hotspot\bin;C:\ProgramData\ComposerSetup\bin;C:\wamp64\bin\php\php8.2.0;C:\WINDOWS\system32;C:\WINDOWS;C:\WINDOWS\System32\Wbem;C:\WINDOWS\System32\WindowsPowerShell\v1.0;C:\WINDOWS\System32\OpenSSH;C:\Users\inclu\AppData\Local\Android\Sdk\platform-tools;C:\Program Files\nodejs;C:\Users\inclu\AppData\Local\Android\Sdk\tools;C:\Users\inclu\AppData\Local\jdk-11.0.2\bin;C:\Program Files\Docker\Docker\resources\bin;C:\Users\inclu\AppData\Local\Programs\Microsoft VS Code\bin;C:\wamp64\bin\php\php8.2.0;C:\Users\inclu\AppData\Roaming\Composer\vendor\bin;C:\ProgramData\ComposerSetup\bin;C:\Users\inclu\AppData\Local\Microsoft\WindowsApps;C:\Users\inclu\AppData\Local\Android\Sdk\platform-tools;C:\Users\inclu\AppData\Roaming\npm;C:\Program Files\Git\usr\bin\vendor_perl;C:\Program Files\Git\usr\bin\core_perl
USERNAME=inclu
SHELL=C:\Program Files\Git\usr\bin\bash.exe
DISPLAY=needs-to-be-defined
LANG=en_US.UTF-8
OS=Windows_NT
PROCESSOR_IDENTIFIER=AMD64 Family 23 Model 104 Stepping 1, AuthenticAMD



---------------  S Y S T E M  ---------------

OS:
 Windows 11 , 64 bit Build 26100 (10.0.26100.3775)
OS uptime: 0 days 21:06 hours
Hyper-V role detected

CPU: total 12 (initial active 12) (12 cores per cpu, 2 threads per core) family 23 model 104 stepping 1 microcode 0x8608103, cx8, cmov, fxsr, ht, mmx, 3dnowpref, sse, sse2, sse3, ssse3, sse4a, sse4.1, sse4.2, popcnt, lzcnt, tsc, tscinvbit, avx, avx2, aes, clmul, bmi1, bmi2, adx, sha, fma, vzeroupper, clflush, clflushopt, hv

Memory: 4k page, system-wide physical 15706M (658M free)
TotalPageFile size 46230M (AvailPageFile size 4M)
current process WorkingSet (physical memory assigned to process): 64M, peak: 64M
current process commit charge ("private bytes"): 153M, peak: 153M

vm_info: Java HotSpot(TM) 64-Bit Server VM (17.0.12+8-LTS-286) for windows-amd64 JRE (17.0.12+8-LTS-286), built on Jun  5 2024 06:46:59 by "mach5one" with MS VC++ 17.6 (VS2022)

END.
